Determining if the pthread_create exist failed with the following output:
Change Dir: /home/e/ROS/Armbot/build_isolated/armbot_moveit_config/CMakeFiles/CMakeTmp

Run Build Command:"/usr/bin/make" "cmTC_42ba3/fast"
/usr/bin/make -f CMakeFiles/cmTC_42ba3.dir/build.make CMakeFiles/cmTC_42ba3.dir/build
make[1]: вход в каталог «/home/e/ROS/Armbot/build_isolated/armbot_moveit_config/CMakeFiles/CMakeTmp»
Building C object CMakeFiles/cmTC_42ba3.dir/CheckSymbolExists.c.o
/usr/bin/cc    -o CMakeFiles/cmTC_42ba3.dir/CheckSymbolExists.c.o   -c /home/e/ROS/Armbot/build_isolated/armbot_moveit_config/CMakeFiles/CMakeTmp/CheckSymbolExists.c
Linking C executable cmTC_42ba3
/usr/bin/cmake -E cmake_link_script CMakeFiles/cmTC_42ba3.dir/link.txt --verbose=1
/usr/bin/cc      -rdynamic CMakeFiles/cmTC_42ba3.dir/CheckSymbolExists.c.o  -o cmTC_42ba3 
CMakeFiles/cmTC_42ba3.dir/CheckSymbolExists.c.o: In function `main':
CheckSymbolExists.c:(.text+0x1b): undefined reference to `pthread_create'
collect2: error: ld returned 1 exit status
CMakeFiles/cmTC_42ba3.dir/build.make:97: recipe for target 'cmTC_42ba3' failed
make[1]: *** [cmTC_42ba3] Error 1
make[1]: выход из каталога «/home/e/ROS/Armbot/build_isolated/armbot_moveit_config/CMakeFiles/CMakeTmp»
Makefile:126: recipe for target 'cmTC_42ba3/fast' failed
make: *** [cmTC_42ba3/fast] Error 2

File /home/e/ROS/Armbot/build_isolated/armbot_moveit_config/CMakeFiles/CMakeTmp/CheckSymbolExists.c:
/* */
#include <pthread.h>

int main(int argc, char** argv)
{
  (void)argv;
#ifndef pthread_create
  return ((int*)(&pthread_create))[argc];
#else
  (void)argc;
  return 0;
#endif
}

Determining if the function pthread_create exists in the pthreads failed with the following output:
Change Dir: /home/e/ROS/Armbot/build_isolated/armbot_moveit_config/CMakeFiles/CMakeTmp

Run Build Command:"/usr/bin/make" "cmTC_5a1da/fast"
/usr/bin/make -f CMakeFiles/cmTC_5a1da.dir/build.make CMakeFiles/cmTC_5a1da.dir/build
make[1]: вход в каталог «/home/e/ROS/Armbot/build_isolated/armbot_moveit_config/CMakeFiles/CMakeTmp»
Building C object CMakeFiles/cmTC_5a1da.dir/CheckFunctionExists.c.o
/usr/bin/cc   -DCHECK_FUNCTION_EXISTS=pthread_create   -o CMakeFiles/cmTC_5a1da.dir/CheckFunctionExists.c.o   -c /usr/share/cmake-3.10/Modules/CheckFunctionExists.c
Linking C executable cmTC_5a1da
/usr/bin/cmake -E cmake_link_script CMakeFiles/cmTC_5a1da.dir/link.txt --verbose=1
/usr/bin/cc  -DCHECK_FUNCTION_EXISTS=pthread_create    -rdynamic CMakeFiles/cmTC_5a1da.dir/CheckFunctionExists.c.o  -o cmTC_5a1da -lpthreads 
/usr/bin/ld: cannot find -lpthreads
collect2: error: ld returned 1 exit status
CMakeFiles/cmTC_5a1da.dir/build.make:97: recipe for target 'cmTC_5a1da' failed
make[1]: *** [cmTC_5a1da] Error 1
make[1]: выход из каталога «/home/e/ROS/Armbot/build_isolated/armbot_moveit_config/CMakeFiles/CMakeTmp»
Makefile:126: recipe for target 'cmTC_5a1da/fast' failed
make: *** [cmTC_5a1da/fast] Error 2


