Determining if the pthread_create exist failed with the following output:
Change Dir: /home/e/ROS/Armbot/build/CMakeFiles/CMakeTmp

Run Build Command:"/usr/bin/make" "cmTC_7af1f/fast"
/usr/bin/make -f CMakeFiles/cmTC_7af1f.dir/build.make CMakeFiles/cmTC_7af1f.dir/build
make[1]: вход в каталог «/home/e/ROS/Armbot/build/CMakeFiles/CMakeTmp»
Building C object CMakeFiles/cmTC_7af1f.dir/CheckSymbolExists.c.o
/usr/bin/cc    -o CMakeFiles/cmTC_7af1f.dir/CheckSymbolExists.c.o   -c /home/e/ROS/Armbot/build/CMakeFiles/CMakeTmp/CheckSymbolExists.c
Linking C executable cmTC_7af1f
/usr/bin/cmake -E cmake_link_script CMakeFiles/cmTC_7af1f.dir/link.txt --verbose=1
/usr/bin/cc      -rdynamic CMakeFiles/cmTC_7af1f.dir/CheckSymbolExists.c.o  -o cmTC_7af1f 
CMakeFiles/cmTC_7af1f.dir/CheckSymbolExists.c.o: In function `main':
CheckSymbolExists.c:(.text+0x1b): undefined reference to `pthread_create'
collect2: error: ld returned 1 exit status
CMakeFiles/cmTC_7af1f.dir/build.make:97: recipe for target 'cmTC_7af1f' failed
make[1]: *** [cmTC_7af1f] Error 1
make[1]: выход из каталога «/home/e/ROS/Armbot/build/CMakeFiles/CMakeTmp»
Makefile:126: recipe for target 'cmTC_7af1f/fast' failed
make: *** [cmTC_7af1f/fast] Error 2

File /home/e/ROS/Armbot/build/CMakeFiles/CMakeTmp/CheckSymbolExists.c:
/* */
#include <pthread.h>

int main(int argc, char** argv)
{
  (void)argv;
#ifndef pthread_create
  return ((int*)(&pthread_create))[argc];
#else
  (void)argc;
  return 0;
#endif
}

Determining if the function pthread_create exists in the pthreads failed with the following output:
Change Dir: /home/e/ROS/Armbot/build/CMakeFiles/CMakeTmp

Run Build Command:"/usr/bin/make" "cmTC_045fc/fast"
/usr/bin/make -f CMakeFiles/cmTC_045fc.dir/build.make CMakeFiles/cmTC_045fc.dir/build
make[1]: вход в каталог «/home/e/ROS/Armbot/build/CMakeFiles/CMakeTmp»
Building C object CMakeFiles/cmTC_045fc.dir/CheckFunctionExists.c.o
/usr/bin/cc   -DCHECK_FUNCTION_EXISTS=pthread_create   -o CMakeFiles/cmTC_045fc.dir/CheckFunctionExists.c.o   -c /usr/share/cmake-3.10/Modules/CheckFunctionExists.c
Linking C executable cmTC_045fc
/usr/bin/cmake -E cmake_link_script CMakeFiles/cmTC_045fc.dir/link.txt --verbose=1
/usr/bin/cc  -DCHECK_FUNCTION_EXISTS=pthread_create    -rdynamic CMakeFiles/cmTC_045fc.dir/CheckFunctionExists.c.o  -o cmTC_045fc -lpthreads 
/usr/bin/ld: cannot find -lpthreads
collect2: error: ld returned 1 exit status
CMakeFiles/cmTC_045fc.dir/build.make:97: recipe for target 'cmTC_045fc' failed
make[1]: *** [cmTC_045fc] Error 1
make[1]: выход из каталога «/home/e/ROS/Armbot/build/CMakeFiles/CMakeTmp»
Makefile:126: recipe for target 'cmTC_045fc/fast' failed
make: *** [cmTC_045fc/fast] Error 2


